[03-Apr-2024 16:17:22 UTC] PHP Warning:  filemtime(): stat failed for C:\Users\User\Local Sites\motaphoto\app\public/wp-content/themes/motaphoto/css/theme.css in C:\Users\User\Local Sites\motaphoto\app\public\wp-content\themes\motaphoto\functions.php on line 9
[03-Apr-2024 16:17:22 UTC] PHP Warning:  filemtime(): stat failed for C:\Users\User\Local Sites\motaphoto\app\public/wp-content/themes/motaphoto/css/theme.css in C:\Users\User\Local Sites\motaphoto\app\public\wp-content\themes\motaphoto\functions.php on line 9
[03-Apr-2024 17:28:43 UTC] PHP Warning:  Undefined variable $network in C:\Users\User\Local Sites\motaphoto\app\public\wp-content\plugins\ewww-image-optimizer\common.php on line 12051
[04-Apr-2024 16:26:53 UTC] PHP Warning:  file_get_contents(C:\Users\User\Local Sites\motaphoto\app\public/wp-content/plugins/ocean-extra/ocean-extra.php): Failed to open stream: No such file or directory in C:\Users\User\Local Sites\motaphoto\app\public\wp-includes\functions.php on line 6852
[04-Apr-2024 16:27:01 UTC] PHP Warning:  file_get_contents(C:\Users\User\Local Sites\motaphoto\app\public/wp-content/plugins/ocean-extra/ocean-extra.php): Failed to open stream: No such file or directory in C:\Users\User\Local Sites\motaphoto\app\public\wp-includes\functions.php on line 6852
[04-Apr-2024 16:34:46 UTC] PHP Warning:  filemtime(): stat failed for C:\Users\User\Local Sites\motaphoto\app\public/wp-content/themes/motaphoto/css/theme.css in C:\Users\User\Local Sites\motaphoto\app\public\wp-content\themes\motaphoto\functions.php on line 12
[04-Apr-2024 16:34:46 UTC] PHP Warning:  filemtime(): stat failed for C:\Users\User\Local Sites\motaphoto\app\public/wp-content/themes/motaphoto/css/theme.css in C:\Users\User\Local Sites\motaphoto\app\public\wp-content\themes\motaphoto\functions.php on line 12
[16-Apr-2024 11:49:24 UTC] PHP Warning:  Attempt to read property "title" on null in C:\Users\User\Local Sites\motaphoto\app\public\wp-includes\class-wp-customize-widgets.php on line 905
[16-Apr-2024 12:01:17 UTC] PHP Warning:  filemtime(): stat failed for C:\Users\User\Local Sites\motaphoto\app\public/wp-content/themes/motaphoto/css/theme.css in C:\Users\User\Local Sites\motaphoto\app\public\wp-content\themes\motaphoto\functions.php on line 12
[16-Apr-2024 12:01:17 UTC] PHP Warning:  filemtime(): stat failed for C:\Users\User\Local Sites\motaphoto\app\public/wp-content/themes/motaphoto/css/theme.css in C:\Users\User\Local Sites\motaphoto\app\public\wp-content\themes\motaphoto\functions.php on line 12
[16-Apr-2024 12:25:03 UTC] PHP Warning:  Attempt to read property "title" on null in C:\Users\User\Local Sites\motaphoto\app\public\wp-includes\class-wp-customize-widgets.php on line 905
[19-Apr-2024 13:40:54 UTC] PHP Warning:  filemtime(): stat failed for C:\Users\User\Local Sites\motaphoto\app\public/wp-content/themes/motaphotoassets/scss/index.css in C:\Users\User\Local Sites\motaphoto\app\public\wp-content\themes\motaphoto\functions.php on line 12
[19-Apr-2024 13:40:54 UTC] PHP Warning:  filemtime(): stat failed for C:\Users\User\Local Sites\motaphoto\app\public/wp-content/themes/motaphotoassets/scss/index.css in C:\Users\User\Local Sites\motaphoto\app\public\wp-content\themes\motaphoto\functions.php on line 12
[19-Apr-2024 13:45:09 UTC] PHP Warning:  filemtime(): stat failed for C:\Users\User\Local Sites\motaphoto\app\public/wp-content/themes/motaphoto/css/theme.css in C:\Users\User\Local Sites\motaphoto\app\public\wp-content\themes\motaphoto\functions.php on line 12
[19-Apr-2024 13:45:09 UTC] PHP Warning:  filemtime(): stat failed for C:\Users\User\Local Sites\motaphoto\app\public/wp-content/themes/motaphoto/css/theme.css in C:\Users\User\Local Sites\motaphoto\app\public\wp-content\themes\motaphoto\functions.php on line 12
[19-Apr-2024 13:47:18 UTC] PHP Warning:  filemtime(): stat failed for C:\Users\User\Local Sites\motaphoto\app\public/wp-content/themes/motaphotoassets/css/theme.css in C:\Users\User\Local Sites\motaphoto\app\public\wp-content\themes\motaphoto\functions.php on line 12
[19-Apr-2024 13:47:18 UTC] PHP Warning:  filemtime(): stat failed for C:\Users\User\Local Sites\motaphoto\app\public/wp-content/themes/motaphotoassets/css/theme.css in C:\Users\User\Local Sites\motaphoto\app\public\wp-content\themes\motaphoto\functions.php on line 12
[19-Apr-2024 13:48:06 UTC] PHP Warning:  filemtime(): stat failed for C:\Users\User\Local Sites\motaphoto\app\public/wp-content/themes/motaphotoassets/css/theme.css in C:\Users\User\Local Sites\motaphoto\app\public\wp-content\themes\motaphoto\functions.php on line 12
[19-Apr-2024 13:48:06 UTC] PHP Warning:  filemtime(): stat failed for C:\Users\User\Local Sites\motaphoto\app\public/wp-content/themes/motaphotoassets/css/theme.css in C:\Users\User\Local Sites\motaphoto\app\public\wp-content\themes\motaphoto\functions.php on line 12
[26-Apr-2024 13:20:05 UTC] PHP Fatal error:  Uncaught Error: Object of class WP_Term could not be converted to string in C:\Users\User\Local Sites\motaphoto\app\public\wp-includes\formatting.php:1108
Stack trace:
#0 C:\Users\User\Local Sites\motaphoto\app\public\wp-includes\formatting.php(4682): wp_check_invalid_utf8(Object(WP_Term))
#1 C:\Users\User\Local Sites\motaphoto\app\public\wp-content\themes\motaphoto\single-photo.php(20): esc_html(Object(WP_Term))
#2 C:\Users\User\Local Sites\motaphoto\app\public\wp-includes\template-loader.php(106): include('C:\\Users\\User\\L...')
#3 C:\Users\User\Local Sites\motaphoto\app\public\wp-blog-header.php(19): require_once('C:\\Users\\User\\L...')
#4 C:\Users\User\Local Sites\motaphoto\app\public\index.php(17): require('C:\\Users\\User\\L...')
#5 {main}
  thrown in C:\Users\User\Local Sites\motaphoto\app\public\wp-includes\formatting.php on line 1108
[26-Apr-2024 13:26:46 UTC] PHP Fatal error:  Uncaught Error: Object of class WP_Error could not be converted to string in C:\Users\User\Local Sites\motaphoto\app\public\wp-includes\formatting.php:1108
Stack trace:
#0 C:\Users\User\Local Sites\motaphoto\app\public\wp-includes\formatting.php(4682): wp_check_invalid_utf8(Object(WP_Error))
#1 C:\Users\User\Local Sites\motaphoto\app\public\wp-content\themes\motaphoto\single-photo.php(21): esc_html(Object(WP_Error))
#2 C:\Users\User\Local Sites\motaphoto\app\public\wp-includes\template-loader.php(106): include('C:\\Users\\User\\L...')
#3 C:\Users\User\Local Sites\motaphoto\app\public\wp-blog-header.php(19): require_once('C:\\Users\\User\\L...')
#4 C:\Users\User\Local Sites\motaphoto\app\public\index.php(17): require('C:\\Users\\User\\L...')
#5 {main}
  thrown in C:\Users\User\Local Sites\motaphoto\app\public\wp-includes\formatting.php on line 1108
[26-Apr-2024 13:27:07 UTC] PHP Fatal error:  Uncaught Error: Object of class WP_Error could not be converted to string in C:\Users\User\Local Sites\motaphoto\app\public\wp-includes\formatting.php:1108
Stack trace:
#0 C:\Users\User\Local Sites\motaphoto\app\public\wp-includes\formatting.php(4682): wp_check_invalid_utf8(Object(WP_Error))
#1 C:\Users\User\Local Sites\motaphoto\app\public\wp-content\themes\motaphoto\single-photo.php(21): esc_html(Object(WP_Error))
#2 C:\Users\User\Local Sites\motaphoto\app\public\wp-includes\template-loader.php(106): include('C:\\Users\\User\\L...')
#3 C:\Users\User\Local Sites\motaphoto\app\public\wp-blog-header.php(19): require_once('C:\\Users\\User\\L...')
#4 C:\Users\User\Local Sites\motaphoto\app\public\index.php(17): require('C:\\Users\\User\\L...')
#5 {main}
  thrown in C:\Users\User\Local Sites\motaphoto\app\public\wp-includes\formatting.php on line 1108
[26-Apr-2024 13:27:11 UTC] PHP Fatal error:  Uncaught Error: Object of class WP_Error could not be converted to string in C:\Users\User\Local Sites\motaphoto\app\public\wp-includes\formatting.php:1108
Stack trace:
#0 C:\Users\User\Local Sites\motaphoto\app\public\wp-includes\formatting.php(4682): wp_check_invalid_utf8(Object(WP_Error))
#1 C:\Users\User\Local Sites\motaphoto\app\public\wp-content\themes\motaphoto\single-photo.php(21): esc_html(Object(WP_Error))
#2 C:\Users\User\Local Sites\motaphoto\app\public\wp-includes\template-loader.php(106): include('C:\\Users\\User\\L...')
#3 C:\Users\User\Local Sites\motaphoto\app\public\wp-blog-header.php(19): require_once('C:\\Users\\User\\L...')
#4 C:\Users\User\Local Sites\motaphoto\app\public\index.php(17): require('C:\\Users\\User\\L...')
#5 {main}
  thrown in C:\Users\User\Local Sites\motaphoto\app\public\wp-includes\formatting.php on line 1108
[26-Apr-2024 13:27:34 UTC] PHP Fatal error:  Uncaught Error: Object of class WP_Error could not be converted to string in C:\Users\User\Local Sites\motaphoto\app\public\wp-includes\formatting.php:1108
Stack trace:
#0 C:\Users\User\Local Sites\motaphoto\app\public\wp-includes\formatting.php(4682): wp_check_invalid_utf8(Object(WP_Error))
#1 C:\Users\User\Local Sites\motaphoto\app\public\wp-content\themes\motaphoto\single-photo.php(21): esc_html(Object(WP_Error))
#2 C:\Users\User\Local Sites\motaphoto\app\public\wp-includes\template-loader.php(106): include('C:\\Users\\User\\L...')
#3 C:\Users\User\Local Sites\motaphoto\app\public\wp-blog-header.php(19): require_once('C:\\Users\\User\\L...')
#4 C:\Users\User\Local Sites\motaphoto\app\public\index.php(17): require('C:\\Users\\User\\L...')
#5 {main}
  thrown in C:\Users\User\Local Sites\motaphoto\app\public\wp-includes\formatting.php on line 1108
[26-Apr-2024 13:28:00 UTC] PHP Fatal error:  Uncaught Error: Object of class WP_Error could not be converted to string in C:\Users\User\Local Sites\motaphoto\app\public\wp-includes\formatting.php:1108
Stack trace:
#0 C:\Users\User\Local Sites\motaphoto\app\public\wp-includes\formatting.php(4682): wp_check_invalid_utf8(Object(WP_Error))
#1 C:\Users\User\Local Sites\motaphoto\app\public\wp-content\themes\motaphoto\single-photo.php(21): esc_html(Object(WP_Error))
#2 C:\Users\User\Local Sites\motaphoto\app\public\wp-includes\template-loader.php(106): include('C:\\Users\\User\\L...')
#3 C:\Users\User\Local Sites\motaphoto\app\public\wp-blog-header.php(19): require_once('C:\\Users\\User\\L...')
#4 C:\Users\User\Local Sites\motaphoto\app\public\index.php(17): require('C:\\Users\\User\\L...')
#5 {main}
  thrown in C:\Users\User\Local Sites\motaphoto\app\public\wp-includes\formatting.php on line 1108
[26-Apr-2024 13:28:55 UTC] PHP Fatal error:  Uncaught Error: Object of class WP_Error could not be converted to string in C:\Users\User\Local Sites\motaphoto\app\public\wp-includes\formatting.php:1108
Stack trace:
#0 C:\Users\User\Local Sites\motaphoto\app\public\wp-includes\formatting.php(4682): wp_check_invalid_utf8(Object(WP_Error))
#1 C:\Users\User\Local Sites\motaphoto\app\public\wp-content\themes\motaphoto\single-photo.php(22): esc_html(Object(WP_Error))
#2 C:\Users\User\Local Sites\motaphoto\app\public\wp-includes\template-loader.php(106): include('C:\\Users\\User\\L...')
#3 C:\Users\User\Local Sites\motaphoto\app\public\wp-blog-header.php(19): require_once('C:\\Users\\User\\L...')
#4 C:\Users\User\Local Sites\motaphoto\app\public\index.php(17): require('C:\\Users\\User\\L...')
#5 {main}
  thrown in C:\Users\User\Local Sites\motaphoto\app\public\wp-includes\formatting.php on line 1108
[26-Apr-2024 13:45:17 UTC] PHP Warning:  Undefined variable $get_the_terms in C:\Users\User\Local Sites\motaphoto\app\public\wp-content\themes\motaphoto\single-photo.php on line 17
[26-Apr-2024 13:45:17 UTC] PHP Fatal error:  Uncaught Error: Value of type null is not callable in C:\Users\User\Local Sites\motaphoto\app\public\wp-content\themes\motaphoto\single-photo.php:17
Stack trace:
#0 C:\Users\User\Local Sites\motaphoto\app\public\wp-includes\template-loader.php(106): include()
#1 C:\Users\User\Local Sites\motaphoto\app\public\wp-blog-header.php(19): require_once('C:\\Users\\User\\L...')
#2 C:\Users\User\Local Sites\motaphoto\app\public\index.php(17): require('C:\\Users\\User\\L...')
#3 {main}
  thrown in C:\Users\User\Local Sites\motaphoto\app\public\wp-content\themes\motaphoto\single-photo.php on line 17
[26-Apr-2024 13:59:16 UTC] PHP Fatal error:  Uncaught Error: Object of class WP_Error could not be converted to string in C:\Users\User\Local Sites\motaphoto\app\public\wp-includes\formatting.php:1108
Stack trace:
#0 C:\Users\User\Local Sites\motaphoto\app\public\wp-includes\formatting.php(4682): wp_check_invalid_utf8(Object(WP_Error))
#1 C:\Users\User\Local Sites\motaphoto\app\public\wp-content\themes\motaphoto\single-photo.php(25): esc_html(Object(WP_Error))
#2 C:\Users\User\Local Sites\motaphoto\app\public\wp-includes\template-loader.php(106): include('C:\\Users\\User\\L...')
#3 C:\Users\User\Local Sites\motaphoto\app\public\wp-blog-header.php(19): require_once('C:\\Users\\User\\L...')
#4 C:\Users\User\Local Sites\motaphoto\app\public\index.php(17): require('C:\\Users\\User\\L...')
#5 {main}
  thrown in C:\Users\User\Local Sites\motaphoto\app\public\wp-includes\formatting.php on line 1108
[30-Apr-2024 08:08:22 UTC] PHP Warning:  Attempt to read property "term_id" on array in C:\Users\User\Local Sites\motaphoto\app\public\wp-content\themes\motaphoto\front-page.php on line 38
[30-Apr-2024 08:08:22 UTC] PHP Warning:  Attempt to read property "name" on array in C:\Users\User\Local Sites\motaphoto\app\public\wp-content\themes\motaphoto\front-page.php on line 38
[30-Apr-2024 08:08:22 UTC] PHP Warning:  Attempt to read property "term_id" on array in C:\Users\User\Local Sites\motaphoto\app\public\wp-content\themes\motaphoto\front-page.php on line 38
[30-Apr-2024 08:08:22 UTC] PHP Warning:  Attempt to read property "name" on array in C:\Users\User\Local Sites\motaphoto\app\public\wp-content\themes\motaphoto\front-page.php on line 38
[30-Apr-2024 08:13:58 UTC] PHP Warning:  Attempt to read property "term_id" on array in C:\Users\User\Local Sites\motaphoto\app\public\wp-content\themes\motaphoto\front-page.php on line 38
[30-Apr-2024 08:13:58 UTC] PHP Warning:  Attempt to read property "name" on array in C:\Users\User\Local Sites\motaphoto\app\public\wp-content\themes\motaphoto\front-page.php on line 38
[30-Apr-2024 08:13:58 UTC] PHP Warning:  Attempt to read property "term_id" on array in C:\Users\User\Local Sites\motaphoto\app\public\wp-content\themes\motaphoto\front-page.php on line 38
[30-Apr-2024 08:13:58 UTC] PHP Warning:  Attempt to read property "name" on array in C:\Users\User\Local Sites\motaphoto\app\public\wp-content\themes\motaphoto\front-page.php on line 38
[30-Apr-2024 08:15:57 UTC] PHP Warning:  Attempt to read property "term_id" on array in C:\Users\User\Local Sites\motaphoto\app\public\wp-content\themes\motaphoto\front-page.php on line 38
[30-Apr-2024 08:15:57 UTC] PHP Warning:  Attempt to read property "name" on array in C:\Users\User\Local Sites\motaphoto\app\public\wp-content\themes\motaphoto\front-page.php on line 38
[30-Apr-2024 08:15:57 UTC] PHP Warning:  Attempt to read property "term_id" on array in C:\Users\User\Local Sites\motaphoto\app\public\wp-content\themes\motaphoto\front-page.php on line 38
[30-Apr-2024 08:15:57 UTC] PHP Warning:  Attempt to read property "name" on array in C:\Users\User\Local Sites\motaphoto\app\public\wp-content\themes\motaphoto\front-page.php on line 38
[30-Apr-2024 08:20:11 UTC] PHP Warning:  Attempt to read property "term_id" on array in C:\Users\User\Local Sites\motaphoto\app\public\wp-content\themes\motaphoto\front-page.php on line 38
[30-Apr-2024 08:20:11 UTC] PHP Warning:  Attempt to read property "name" on array in C:\Users\User\Local Sites\motaphoto\app\public\wp-content\themes\motaphoto\front-page.php on line 38
[30-Apr-2024 08:20:11 UTC] PHP Warning:  Attempt to read property "term_id" on array in C:\Users\User\Local Sites\motaphoto\app\public\wp-content\themes\motaphoto\front-page.php on line 38
[30-Apr-2024 08:20:11 UTC] PHP Warning:  Attempt to read property "name" on array in C:\Users\User\Local Sites\motaphoto\app\public\wp-content\themes\motaphoto\front-page.php on line 38
[30-Apr-2024 08:21:27 UTC] PHP Warning:  Attempt to read property "term_id" on array in C:\Users\User\Local Sites\motaphoto\app\public\wp-content\themes\motaphoto\front-page.php on line 38
[30-Apr-2024 08:21:27 UTC] PHP Warning:  Attempt to read property "name" on array in C:\Users\User\Local Sites\motaphoto\app\public\wp-content\themes\motaphoto\front-page.php on line 38
[30-Apr-2024 08:21:27 UTC] PHP Warning:  Attempt to read property "term_id" on array in C:\Users\User\Local Sites\motaphoto\app\public\wp-content\themes\motaphoto\front-page.php on line 38
[30-Apr-2024 08:21:27 UTC] PHP Warning:  Attempt to read property "name" on array in C:\Users\User\Local Sites\motaphoto\app\public\wp-content\themes\motaphoto\front-page.php on line 38
[30-Apr-2024 08:22:03 UTC] PHP Warning:  Attempt to read property "term_id" on array in C:\Users\User\Local Sites\motaphoto\app\public\wp-content\themes\motaphoto\front-page.php on line 38
[30-Apr-2024 08:22:03 UTC] PHP Warning:  Attempt to read property "name" on array in C:\Users\User\Local Sites\motaphoto\app\public\wp-content\themes\motaphoto\front-page.php on line 38
[30-Apr-2024 08:22:03 UTC] PHP Warning:  Attempt to read property "term_id" on array in C:\Users\User\Local Sites\motaphoto\app\public\wp-content\themes\motaphoto\front-page.php on line 38
[30-Apr-2024 08:22:03 UTC] PHP Warning:  Attempt to read property "name" on array in C:\Users\User\Local Sites\motaphoto\app\public\wp-content\themes\motaphoto\front-page.php on line 38
[30-Apr-2024 08:22:38 UTC] PHP Warning:  Attempt to read property "term_id" on array in C:\Users\User\Local Sites\motaphoto\app\public\wp-content\themes\motaphoto\front-page.php on line 38
[30-Apr-2024 08:22:38 UTC] PHP Warning:  Attempt to read property "name" on array in C:\Users\User\Local Sites\motaphoto\app\public\wp-content\themes\motaphoto\front-page.php on line 38
[30-Apr-2024 08:22:38 UTC] PHP Warning:  Attempt to read property "term_id" on array in C:\Users\User\Local Sites\motaphoto\app\public\wp-content\themes\motaphoto\front-page.php on line 38
[30-Apr-2024 08:22:38 UTC] PHP Warning:  Attempt to read property "name" on array in C:\Users\User\Local Sites\motaphoto\app\public\wp-content\themes\motaphoto\front-page.php on line 38
[30-Apr-2024 08:24:44 UTC] PHP Warning:  Attempt to read property "term_id" on array in C:\Users\User\Local Sites\motaphoto\app\public\wp-content\themes\motaphoto\front-page.php on line 38
[30-Apr-2024 08:24:44 UTC] PHP Warning:  Attempt to read property "name" on array in C:\Users\User\Local Sites\motaphoto\app\public\wp-content\themes\motaphoto\front-page.php on line 38
[30-Apr-2024 08:24:44 UTC] PHP Warning:  Attempt to read property "term_id" on array in C:\Users\User\Local Sites\motaphoto\app\public\wp-content\themes\motaphoto\front-page.php on line 38
[30-Apr-2024 08:24:44 UTC] PHP Warning:  Attempt to read property "name" on array in C:\Users\User\Local Sites\motaphoto\app\public\wp-content\themes\motaphoto\front-page.php on line 38
[30-Apr-2024 08:26:40 UTC] PHP Warning:  Attempt to read property "term_id" on array in C:\Users\User\Local Sites\motaphoto\app\public\wp-content\themes\motaphoto\front-page.php on line 38
[30-Apr-2024 08:26:40 UTC] PHP Warning:  Attempt to read property "name" on array in C:\Users\User\Local Sites\motaphoto\app\public\wp-content\themes\motaphoto\front-page.php on line 38
[30-Apr-2024 08:26:40 UTC] PHP Warning:  Attempt to read property "term_id" on array in C:\Users\User\Local Sites\motaphoto\app\public\wp-content\themes\motaphoto\front-page.php on line 38
[30-Apr-2024 08:26:40 UTC] PHP Warning:  Attempt to read property "name" on array in C:\Users\User\Local Sites\motaphoto\app\public\wp-content\themes\motaphoto\front-page.php on line 38
[30-Apr-2024 08:28:09 UTC] PHP Warning:  Attempt to read property "term_id" on array in C:\Users\User\Local Sites\motaphoto\app\public\wp-content\themes\motaphoto\front-page.php on line 38
[30-Apr-2024 08:28:09 UTC] PHP Warning:  Attempt to read property "name" on array in C:\Users\User\Local Sites\motaphoto\app\public\wp-content\themes\motaphoto\front-page.php on line 38
[30-Apr-2024 08:28:09 UTC] PHP Warning:  Attempt to read property "term_id" on array in C:\Users\User\Local Sites\motaphoto\app\public\wp-content\themes\motaphoto\front-page.php on line 38
[30-Apr-2024 08:28:09 UTC] PHP Warning:  Attempt to read property "name" on array in C:\Users\User\Local Sites\motaphoto\app\public\wp-content\themes\motaphoto\front-page.php on line 38
[30-Apr-2024 08:30:18 UTC] PHP Warning:  Attempt to read property "term_id" on array in C:\Users\User\Local Sites\motaphoto\app\public\wp-content\themes\motaphoto\front-page.php on line 38
[30-Apr-2024 08:30:18 UTC] PHP Warning:  Attempt to read property "name" on array in C:\Users\User\Local Sites\motaphoto\app\public\wp-content\themes\motaphoto\front-page.php on line 38
[30-Apr-2024 08:30:18 UTC] PHP Warning:  Attempt to read property "term_id" on array in C:\Users\User\Local Sites\motaphoto\app\public\wp-content\themes\motaphoto\front-page.php on line 38
[30-Apr-2024 08:30:18 UTC] PHP Warning:  Attempt to read property "name" on array in C:\Users\User\Local Sites\motaphoto\app\public\wp-content\themes\motaphoto\front-page.php on line 38
[30-Apr-2024 08:33:39 UTC] PHP Warning:  Attempt to read property "term_id" on array in C:\Users\User\Local Sites\motaphoto\app\public\wp-content\themes\motaphoto\front-page.php on line 44
[30-Apr-2024 08:33:39 UTC] PHP Warning:  Attempt to read property "name" on array in C:\Users\User\Local Sites\motaphoto\app\public\wp-content\themes\motaphoto\front-page.php on line 44
[30-Apr-2024 08:33:39 UTC] PHP Warning:  Attempt to read property "term_id" on array in C:\Users\User\Local Sites\motaphoto\app\public\wp-content\themes\motaphoto\front-page.php on line 44
[30-Apr-2024 08:33:39 UTC] PHP Warning:  Attempt to read property "name" on array in C:\Users\User\Local Sites\motaphoto\app\public\wp-content\themes\motaphoto\front-page.php on line 44
[30-Apr-2024 08:36:15 UTC] PHP Warning:  Attempt to read property "term_id" on array in C:\Users\User\Local Sites\motaphoto\app\public\wp-content\themes\motaphoto\front-page.php on line 44
[30-Apr-2024 08:36:15 UTC] PHP Warning:  Attempt to read property "name" on array in C:\Users\User\Local Sites\motaphoto\app\public\wp-content\themes\motaphoto\front-page.php on line 44
[30-Apr-2024 08:36:15 UTC] PHP Warning:  Attempt to read property "term_id" on array in C:\Users\User\Local Sites\motaphoto\app\public\wp-content\themes\motaphoto\front-page.php on line 44
[30-Apr-2024 08:36:15 UTC] PHP Warning:  Attempt to read property "name" on array in C:\Users\User\Local Sites\motaphoto\app\public\wp-content\themes\motaphoto\front-page.php on line 44
[30-Apr-2024 08:36:33 UTC] PHP Warning:  Attempt to read property "term_id" on array in C:\Users\User\Local Sites\motaphoto\app\public\wp-content\themes\motaphoto\front-page.php on line 44
[30-Apr-2024 08:36:33 UTC] PHP Warning:  Attempt to read property "name" on array in C:\Users\User\Local Sites\motaphoto\app\public\wp-content\themes\motaphoto\front-page.php on line 44
[30-Apr-2024 08:36:33 UTC] PHP Warning:  Attempt to read property "term_id" on array in C:\Users\User\Local Sites\motaphoto\app\public\wp-content\themes\motaphoto\front-page.php on line 44
[30-Apr-2024 08:36:33 UTC] PHP Warning:  Attempt to read property "name" on array in C:\Users\User\Local Sites\motaphoto\app\public\wp-content\themes\motaphoto\front-page.php on line 44
[30-Apr-2024 08:36:53 UTC] PHP Warning:  Attempt to read property "term_id" on array in C:\Users\User\Local Sites\motaphoto\app\public\wp-content\themes\motaphoto\front-page.php on line 44
[30-Apr-2024 08:36:53 UTC] PHP Warning:  Attempt to read property "name" on array in C:\Users\User\Local Sites\motaphoto\app\public\wp-content\themes\motaphoto\front-page.php on line 44
[30-Apr-2024 08:36:53 UTC] PHP Warning:  Attempt to read property "term_id" on array in C:\Users\User\Local Sites\motaphoto\app\public\wp-content\themes\motaphoto\front-page.php on line 44
[30-Apr-2024 08:36:53 UTC] PHP Warning:  Attempt to read property "name" on array in C:\Users\User\Local Sites\motaphoto\app\public\wp-content\themes\motaphoto\front-page.php on line 44
[30-Apr-2024 08:37:04 UTC] PHP Warning:  Attempt to read property "term_id" on array in C:\Users\User\Local Sites\motaphoto\app\public\wp-content\themes\motaphoto\front-page.php on line 44
[30-Apr-2024 08:37:04 UTC] PHP Warning:  Attempt to read property "name" on array in C:\Users\User\Local Sites\motaphoto\app\public\wp-content\themes\motaphoto\front-page.php on line 44
[30-Apr-2024 08:37:04 UTC] PHP Warning:  Attempt to read property "term_id" on array in C:\Users\User\Local Sites\motaphoto\app\public\wp-content\themes\motaphoto\front-page.php on line 44
[30-Apr-2024 08:37:04 UTC] PHP Warning:  Attempt to read property "name" on array in C:\Users\User\Local Sites\motaphoto\app\public\wp-content\themes\motaphoto\front-page.php on line 44
[30-Apr-2024 08:40:43 UTC] PHP Warning:  Attempt to read property "term_id" on array in C:\Users\User\Local Sites\motaphoto\app\public\wp-content\themes\motaphoto\front-page.php on line 44
[30-Apr-2024 08:40:43 UTC] PHP Warning:  Attempt to read property "name" on array in C:\Users\User\Local Sites\motaphoto\app\public\wp-content\themes\motaphoto\front-page.php on line 44
[30-Apr-2024 08:40:43 UTC] PHP Warning:  Attempt to read property "term_id" on array in C:\Users\User\Local Sites\motaphoto\app\public\wp-content\themes\motaphoto\front-page.php on line 44
[30-Apr-2024 08:40:43 UTC] PHP Warning:  Attempt to read property "name" on array in C:\Users\User\Local Sites\motaphoto\app\public\wp-content\themes\motaphoto\front-page.php on line 44
[30-Apr-2024 08:40:52 UTC] PHP Warning:  Attempt to read property "term_id" on array in C:\Users\User\Local Sites\motaphoto\app\public\wp-content\themes\motaphoto\front-page.php on line 44
[30-Apr-2024 08:40:52 UTC] PHP Warning:  Attempt to read property "name" on array in C:\Users\User\Local Sites\motaphoto\app\public\wp-content\themes\motaphoto\front-page.php on line 44
[30-Apr-2024 08:40:52 UTC] PHP Warning:  Attempt to read property "term_id" on array in C:\Users\User\Local Sites\motaphoto\app\public\wp-content\themes\motaphoto\front-page.php on line 44
[30-Apr-2024 08:40:52 UTC] PHP Warning:  Attempt to read property "name" on array in C:\Users\User\Local Sites\motaphoto\app\public\wp-content\themes\motaphoto\front-page.php on line 44
[30-Apr-2024 08:42:38 UTC] PHP Warning:  Attempt to read property "term_id" on array in C:\Users\User\Local Sites\motaphoto\app\public\wp-content\themes\motaphoto\front-page.php on line 44
[30-Apr-2024 08:42:38 UTC] PHP Warning:  Attempt to read property "name" on array in C:\Users\User\Local Sites\motaphoto\app\public\wp-content\themes\motaphoto\front-page.php on line 44
[30-Apr-2024 08:42:38 UTC] PHP Warning:  Attempt to read property "term_id" on array in C:\Users\User\Local Sites\motaphoto\app\public\wp-content\themes\motaphoto\front-page.php on line 44
[30-Apr-2024 08:42:38 UTC] PHP Warning:  Attempt to read property "name" on array in C:\Users\User\Local Sites\motaphoto\app\public\wp-content\themes\motaphoto\front-page.php on line 44
[30-Apr-2024 08:51:36 UTC] PHP Warning:  Attempt to read property "term_id" on array in C:\Users\User\Local Sites\motaphoto\app\public\wp-content\themes\motaphoto\front-page.php on line 44
[30-Apr-2024 08:51:36 UTC] PHP Warning:  Attempt to read property "name" on array in C:\Users\User\Local Sites\motaphoto\app\public\wp-content\themes\motaphoto\front-page.php on line 44
[30-Apr-2024 08:51:36 UTC] PHP Warning:  Attempt to read property "term_id" on array in C:\Users\User\Local Sites\motaphoto\app\public\wp-content\themes\motaphoto\front-page.php on line 44
[30-Apr-2024 08:51:36 UTC] PHP Warning:  Attempt to read property "name" on array in C:\Users\User\Local Sites\motaphoto\app\public\wp-content\themes\motaphoto\front-page.php on line 44
[30-Apr-2024 08:53:04 UTC] PHP Warning:  Attempt to read property "term_id" on array in C:\Users\User\Local Sites\motaphoto\app\public\wp-content\themes\motaphoto\front-page.php on line 44
[30-Apr-2024 08:53:04 UTC] PHP Warning:  Attempt to read property "name" on array in C:\Users\User\Local Sites\motaphoto\app\public\wp-content\themes\motaphoto\front-page.php on line 44
[30-Apr-2024 08:53:04 UTC] PHP Warning:  Attempt to read property "term_id" on array in C:\Users\User\Local Sites\motaphoto\app\public\wp-content\themes\motaphoto\front-page.php on line 44
[30-Apr-2024 08:53:04 UTC] PHP Warning:  Attempt to read property "name" on array in C:\Users\User\Local Sites\motaphoto\app\public\wp-content\themes\motaphoto\front-page.php on line 44
[30-Apr-2024 08:53:37 UTC] PHP Warning:  Attempt to read property "term_id" on array in C:\Users\User\Local Sites\motaphoto\app\public\wp-content\themes\motaphoto\front-page.php on line 44
[30-Apr-2024 08:53:37 UTC] PHP Warning:  Attempt to read property "name" on array in C:\Users\User\Local Sites\motaphoto\app\public\wp-content\themes\motaphoto\front-page.php on line 44
[30-Apr-2024 08:53:37 UTC] PHP Warning:  Attempt to read property "term_id" on array in C:\Users\User\Local Sites\motaphoto\app\public\wp-content\themes\motaphoto\front-page.php on line 44
[30-Apr-2024 08:53:37 UTC] PHP Warning:  Attempt to read property "name" on array in C:\Users\User\Local Sites\motaphoto\app\public\wp-content\themes\motaphoto\front-page.php on line 44
[30-Apr-2024 08:53:56 UTC] PHP Warning:  Attempt to read property "term_id" on array in C:\Users\User\Local Sites\motaphoto\app\public\wp-content\themes\motaphoto\front-page.php on line 44
[30-Apr-2024 08:53:56 UTC] PHP Warning:  Attempt to read property "name" on array in C:\Users\User\Local Sites\motaphoto\app\public\wp-content\themes\motaphoto\front-page.php on line 44
[30-Apr-2024 08:53:56 UTC] PHP Warning:  Attempt to read property "term_id" on array in C:\Users\User\Local Sites\motaphoto\app\public\wp-content\themes\motaphoto\front-page.php on line 44
[30-Apr-2024 08:53:56 UTC] PHP Warning:  Attempt to read property "name" on array in C:\Users\User\Local Sites\motaphoto\app\public\wp-content\themes\motaphoto\front-page.php on line 44
[30-Apr-2024 08:56:17 UTC] PHP Warning:  Attempt to read property "term_id" on array in C:\Users\User\Local Sites\motaphoto\app\public\wp-content\themes\motaphoto\front-page.php on line 44
[30-Apr-2024 08:56:17 UTC] PHP Warning:  Attempt to read property "name" on array in C:\Users\User\Local Sites\motaphoto\app\public\wp-content\themes\motaphoto\front-page.php on line 44
[30-Apr-2024 08:56:17 UTC] PHP Warning:  Attempt to read property "term_id" on array in C:\Users\User\Local Sites\motaphoto\app\public\wp-content\themes\motaphoto\front-page.php on line 44
[30-Apr-2024 08:56:17 UTC] PHP Warning:  Attempt to read property "name" on array in C:\Users\User\Local Sites\motaphoto\app\public\wp-content\themes\motaphoto\front-page.php on line 44
[30-Apr-2024 08:57:06 UTC] PHP Warning:  Attempt to read property "term_id" on array in C:\Users\User\Local Sites\motaphoto\app\public\wp-content\themes\motaphoto\front-page.php on line 44
[30-Apr-2024 08:57:06 UTC] PHP Warning:  Attempt to read property "name" on array in C:\Users\User\Local Sites\motaphoto\app\public\wp-content\themes\motaphoto\front-page.php on line 44
[30-Apr-2024 08:57:06 UTC] PHP Warning:  Attempt to read property "term_id" on array in C:\Users\User\Local Sites\motaphoto\app\public\wp-content\themes\motaphoto\front-page.php on line 44
[30-Apr-2024 08:57:06 UTC] PHP Warning:  Attempt to read property "name" on array in C:\Users\User\Local Sites\motaphoto\app\public\wp-content\themes\motaphoto\front-page.php on line 44
[30-Apr-2024 08:57:36 UTC] PHP Warning:  Attempt to read property "term_id" on array in C:\Users\User\Local Sites\motaphoto\app\public\wp-content\themes\motaphoto\front-page.php on line 44
[30-Apr-2024 08:57:36 UTC] PHP Warning:  Attempt to read property "name" on array in C:\Users\User\Local Sites\motaphoto\app\public\wp-content\themes\motaphoto\front-page.php on line 44
[30-Apr-2024 08:57:36 UTC] PHP Warning:  Attempt to read property "term_id" on array in C:\Users\User\Local Sites\motaphoto\app\public\wp-content\themes\motaphoto\front-page.php on line 44
[30-Apr-2024 08:57:36 UTC] PHP Warning:  Attempt to read property "name" on array in C:\Users\User\Local Sites\motaphoto\app\public\wp-content\themes\motaphoto\front-page.php on line 44
[30-Apr-2024 09:08:18 UTC] PHP Warning:  Attempt to read property "term_id" on array in C:\Users\User\Local Sites\motaphoto\app\public\wp-content\themes\motaphoto\front-page.php on line 44
[30-Apr-2024 09:08:18 UTC] PHP Warning:  Attempt to read property "name" on array in C:\Users\User\Local Sites\motaphoto\app\public\wp-content\themes\motaphoto\front-page.php on line 44
[30-Apr-2024 09:08:18 UTC] PHP Warning:  Attempt to read property "term_id" on array in C:\Users\User\Local Sites\motaphoto\app\public\wp-content\themes\motaphoto\front-page.php on line 44
[30-Apr-2024 09:08:18 UTC] PHP Warning:  Attempt to read property "name" on array in C:\Users\User\Local Sites\motaphoto\app\public\wp-content\themes\motaphoto\front-page.php on line 44
[30-Apr-2024 09:08:34 UTC] PHP Warning:  Attempt to read property "term_id" on array in C:\Users\User\Local Sites\motaphoto\app\public\wp-content\themes\motaphoto\front-page.php on line 44
[30-Apr-2024 09:08:34 UTC] PHP Warning:  Attempt to read property "name" on array in C:\Users\User\Local Sites\motaphoto\app\public\wp-content\themes\motaphoto\front-page.php on line 44
[30-Apr-2024 09:08:34 UTC] PHP Warning:  Attempt to read property "term_id" on array in C:\Users\User\Local Sites\motaphoto\app\public\wp-content\themes\motaphoto\front-page.php on line 44
[30-Apr-2024 09:08:34 UTC] PHP Warning:  Attempt to read property "name" on array in C:\Users\User\Local Sites\motaphoto\app\public\wp-content\themes\motaphoto\front-page.php on line 44
[30-Apr-2024 09:08:40 UTC] PHP Warning:  Attempt to read property "term_id" on array in C:\Users\User\Local Sites\motaphoto\app\public\wp-content\themes\motaphoto\front-page.php on line 44
[30-Apr-2024 09:08:40 UTC] PHP Warning:  Attempt to read property "name" on array in C:\Users\User\Local Sites\motaphoto\app\public\wp-content\themes\motaphoto\front-page.php on line 44
[30-Apr-2024 09:08:40 UTC] PHP Warning:  Attempt to read property "term_id" on array in C:\Users\User\Local Sites\motaphoto\app\public\wp-content\themes\motaphoto\front-page.php on line 44
[30-Apr-2024 09:08:40 UTC] PHP Warning:  Attempt to read property "name" on array in C:\Users\User\Local Sites\motaphoto\app\public\wp-content\themes\motaphoto\front-page.php on line 44
[30-Apr-2024 09:08:45 UTC] PHP Warning:  Attempt to read property "term_id" on array in C:\Users\User\Local Sites\motaphoto\app\public\wp-content\themes\motaphoto\front-page.php on line 44
[30-Apr-2024 09:08:45 UTC] PHP Warning:  Attempt to read property "name" on array in C:\Users\User\Local Sites\motaphoto\app\public\wp-content\themes\motaphoto\front-page.php on line 44
[30-Apr-2024 09:08:45 UTC] PHP Warning:  Attempt to read property "term_id" on array in C:\Users\User\Local Sites\motaphoto\app\public\wp-content\themes\motaphoto\front-page.php on line 44
[30-Apr-2024 09:08:45 UTC] PHP Warning:  Attempt to read property "name" on array in C:\Users\User\Local Sites\motaphoto\app\public\wp-content\themes\motaphoto\front-page.php on line 44
[30-Apr-2024 09:08:49 UTC] PHP Warning:  Attempt to read property "term_id" on array in C:\Users\User\Local Sites\motaphoto\app\public\wp-content\themes\motaphoto\front-page.php on line 44
[30-Apr-2024 09:08:49 UTC] PHP Warning:  Attempt to read property "name" on array in C:\Users\User\Local Sites\motaphoto\app\public\wp-content\themes\motaphoto\front-page.php on line 44
[30-Apr-2024 09:08:49 UTC] PHP Warning:  Attempt to read property "term_id" on array in C:\Users\User\Local Sites\motaphoto\app\public\wp-content\themes\motaphoto\front-page.php on line 44
[30-Apr-2024 09:08:49 UTC] PHP Warning:  Attempt to read property "name" on array in C:\Users\User\Local Sites\motaphoto\app\public\wp-content\themes\motaphoto\front-page.php on line 44
[30-Apr-2024 09:08:54 UTC] PHP Warning:  Attempt to read property "term_id" on array in C:\Users\User\Local Sites\motaphoto\app\public\wp-content\themes\motaphoto\front-page.php on line 44
[30-Apr-2024 09:08:54 UTC] PHP Warning:  Attempt to read property "name" on array in C:\Users\User\Local Sites\motaphoto\app\public\wp-content\themes\motaphoto\front-page.php on line 44
[30-Apr-2024 09:08:54 UTC] PHP Warning:  Attempt to read property "term_id" on array in C:\Users\User\Local Sites\motaphoto\app\public\wp-content\themes\motaphoto\front-page.php on line 44
[30-Apr-2024 09:08:54 UTC] PHP Warning:  Attempt to read property "name" on array in C:\Users\User\Local Sites\motaphoto\app\public\wp-content\themes\motaphoto\front-page.php on line 44
[30-Apr-2024 09:08:59 UTC] PHP Warning:  Attempt to read property "term_id" on array in C:\Users\User\Local Sites\motaphoto\app\public\wp-content\themes\motaphoto\front-page.php on line 44
[30-Apr-2024 09:08:59 UTC] PHP Warning:  Attempt to read property "name" on array in C:\Users\User\Local Sites\motaphoto\app\public\wp-content\themes\motaphoto\front-page.php on line 44
[30-Apr-2024 09:08:59 UTC] PHP Warning:  Attempt to read property "term_id" on array in C:\Users\User\Local Sites\motaphoto\app\public\wp-content\themes\motaphoto\front-page.php on line 44
[30-Apr-2024 09:08:59 UTC] PHP Warning:  Attempt to read property "name" on array in C:\Users\User\Local Sites\motaphoto\app\public\wp-content\themes\motaphoto\front-page.php on line 44
[30-Apr-2024 09:09:14 UTC] PHP Warning:  Attempt to read property "term_id" on array in C:\Users\User\Local Sites\motaphoto\app\public\wp-content\themes\motaphoto\front-page.php on line 44
[30-Apr-2024 09:09:14 UTC] PHP Warning:  Attempt to read property "name" on array in C:\Users\User\Local Sites\motaphoto\app\public\wp-content\themes\motaphoto\front-page.php on line 44
[30-Apr-2024 09:09:14 UTC] PHP Warning:  Attempt to read property "term_id" on array in C:\Users\User\Local Sites\motaphoto\app\public\wp-content\themes\motaphoto\front-page.php on line 44
[30-Apr-2024 09:09:14 UTC] PHP Warning:  Attempt to read property "name" on array in C:\Users\User\Local Sites\motaphoto\app\public\wp-content\themes\motaphoto\front-page.php on line 44
[30-Apr-2024 09:09:28 UTC] PHP Warning:  Attempt to read property "term_id" on array in C:\Users\User\Local Sites\motaphoto\app\public\wp-content\themes\motaphoto\front-page.php on line 44
[30-Apr-2024 09:09:28 UTC] PHP Warning:  Attempt to read property "name" on array in C:\Users\User\Local Sites\motaphoto\app\public\wp-content\themes\motaphoto\front-page.php on line 44
[30-Apr-2024 09:09:28 UTC] PHP Warning:  Attempt to read property "term_id" on array in C:\Users\User\Local Sites\motaphoto\app\public\wp-content\themes\motaphoto\front-page.php on line 44
[30-Apr-2024 09:09:28 UTC] PHP Warning:  Attempt to read property "name" on array in C:\Users\User\Local Sites\motaphoto\app\public\wp-content\themes\motaphoto\front-page.php on line 44
[30-Apr-2024 09:09:44 UTC] PHP Warning:  Attempt to read property "term_id" on array in C:\Users\User\Local Sites\motaphoto\app\public\wp-content\themes\motaphoto\front-page.php on line 44
[30-Apr-2024 09:09:44 UTC] PHP Warning:  Attempt to read property "name" on array in C:\Users\User\Local Sites\motaphoto\app\public\wp-content\themes\motaphoto\front-page.php on line 44
[30-Apr-2024 09:09:44 UTC] PHP Warning:  Attempt to read property "term_id" on array in C:\Users\User\Local Sites\motaphoto\app\public\wp-content\themes\motaphoto\front-page.php on line 44
[30-Apr-2024 09:09:44 UTC] PHP Warning:  Attempt to read property "name" on array in C:\Users\User\Local Sites\motaphoto\app\public\wp-content\themes\motaphoto\front-page.php on line 44
[30-Apr-2024 09:09:49 UTC] PHP Warning:  Attempt to read property "term_id" on array in C:\Users\User\Local Sites\motaphoto\app\public\wp-content\themes\motaphoto\front-page.php on line 44
[30-Apr-2024 09:09:49 UTC] PHP Warning:  Attempt to read property "name" on array in C:\Users\User\Local Sites\motaphoto\app\public\wp-content\themes\motaphoto\front-page.php on line 44
[30-Apr-2024 09:09:49 UTC] PHP Warning:  Attempt to read property "term_id" on array in C:\Users\User\Local Sites\motaphoto\app\public\wp-content\themes\motaphoto\front-page.php on line 44
[30-Apr-2024 09:09:49 UTC] PHP Warning:  Attempt to read property "name" on array in C:\Users\User\Local Sites\motaphoto\app\public\wp-content\themes\motaphoto\front-page.php on line 44
[30-Apr-2024 09:11:11 UTC] PHP Warning:  Attempt to read property "term_id" on array in C:\Users\User\Local Sites\motaphoto\app\public\wp-content\themes\motaphoto\front-page.php on line 44
[30-Apr-2024 09:11:11 UTC] PHP Warning:  Attempt to read property "name" on array in C:\Users\User\Local Sites\motaphoto\app\public\wp-content\themes\motaphoto\front-page.php on line 44
[30-Apr-2024 09:11:11 UTC] PHP Warning:  Attempt to read property "term_id" on array in C:\Users\User\Local Sites\motaphoto\app\public\wp-content\themes\motaphoto\front-page.php on line 44
[30-Apr-2024 09:11:11 UTC] PHP Warning:  Attempt to read property "name" on array in C:\Users\User\Local Sites\motaphoto\app\public\wp-content\themes\motaphoto\front-page.php on line 44
[30-Apr-2024 09:11:54 UTC] PHP Warning:  Attempt to read property "term_id" on array in C:\Users\User\Local Sites\motaphoto\app\public\wp-content\themes\motaphoto\front-page.php on line 44
[30-Apr-2024 09:11:54 UTC] PHP Warning:  Attempt to read property "name" on array in C:\Users\User\Local Sites\motaphoto\app\public\wp-content\themes\motaphoto\front-page.php on line 44
[30-Apr-2024 09:11:54 UTC] PHP Warning:  Attempt to read property "term_id" on array in C:\Users\User\Local Sites\motaphoto\app\public\wp-content\themes\motaphoto\front-page.php on line 44
[30-Apr-2024 09:11:54 UTC] PHP Warning:  Attempt to read property "name" on array in C:\Users\User\Local Sites\motaphoto\app\public\wp-content\themes\motaphoto\front-page.php on line 44
[30-Apr-2024 09:12:04 UTC] PHP Warning:  Attempt to read property "term_id" on array in C:\Users\User\Local Sites\motaphoto\app\public\wp-content\themes\motaphoto\front-page.php on line 44
[30-Apr-2024 09:12:04 UTC] PHP Warning:  Attempt to read property "name" on array in C:\Users\User\Local Sites\motaphoto\app\public\wp-content\themes\motaphoto\front-page.php on line 44
[30-Apr-2024 09:12:04 UTC] PHP Warning:  Attempt to read property "term_id" on array in C:\Users\User\Local Sites\motaphoto\app\public\wp-content\themes\motaphoto\front-page.php on line 44
[30-Apr-2024 09:12:04 UTC] PHP Warning:  Attempt to read property "name" on array in C:\Users\User\Local Sites\motaphoto\app\public\wp-content\themes\motaphoto\front-page.php on line 44
[30-Apr-2024 09:13:31 UTC] PHP Warning:  Attempt to read property "term_id" on array in C:\Users\User\Local Sites\motaphoto\app\public\wp-content\themes\motaphoto\front-page.php on line 44
[30-Apr-2024 09:13:31 UTC] PHP Warning:  Attempt to read property "name" on array in C:\Users\User\Local Sites\motaphoto\app\public\wp-content\themes\motaphoto\front-page.php on line 44
[30-Apr-2024 09:13:31 UTC] PHP Warning:  Attempt to read property "term_id" on array in C:\Users\User\Local Sites\motaphoto\app\public\wp-content\themes\motaphoto\front-page.php on line 44
[30-Apr-2024 09:13:31 UTC] PHP Warning:  Attempt to read property "name" on array in C:\Users\User\Local Sites\motaphoto\app\public\wp-content\themes\motaphoto\front-page.php on line 44
[30-Apr-2024 09:13:35 UTC] PHP Warning:  Attempt to read property "term_id" on array in C:\Users\User\Local Sites\motaphoto\app\public\wp-content\themes\motaphoto\front-page.php on line 44
[30-Apr-2024 09:13:35 UTC] PHP Warning:  Attempt to read property "name" on array in C:\Users\User\Local Sites\motaphoto\app\public\wp-content\themes\motaphoto\front-page.php on line 44
[30-Apr-2024 09:13:35 UTC] PHP Warning:  Attempt to read property "term_id" on array in C:\Users\User\Local Sites\motaphoto\app\public\wp-content\themes\motaphoto\front-page.php on line 44
[30-Apr-2024 09:13:35 UTC] PHP Warning:  Attempt to read property "name" on array in C:\Users\User\Local Sites\motaphoto\app\public\wp-content\themes\motaphoto\front-page.php on line 44
[30-Apr-2024 09:18:07 UTC] PHP Warning:  Attempt to read property "term_id" on array in C:\Users\User\Local Sites\motaphoto\app\public\wp-content\themes\motaphoto\front-page.php on line 44
[30-Apr-2024 09:18:07 UTC] PHP Warning:  Attempt to read property "name" on array in C:\Users\User\Local Sites\motaphoto\app\public\wp-content\themes\motaphoto\front-page.php on line 44
[30-Apr-2024 09:18:07 UTC] PHP Warning:  Attempt to read property "term_id" on array in C:\Users\User\Local Sites\motaphoto\app\public\wp-content\themes\motaphoto\front-page.php on line 44
[30-Apr-2024 09:18:07 UTC] PHP Warning:  Attempt to read property "name" on array in C:\Users\User\Local Sites\motaphoto\app\public\wp-content\themes\motaphoto\front-page.php on line 44
[30-Apr-2024 09:27:31 UTC] PHP Fatal error:  Uncaught ArgumentCountError: Too few arguments to function get_the_terms(), 0 passed in C:\Users\User\Local Sites\motaphoto\app\public\wp-content\themes\motaphoto\single-photo.php on line 17 and exactly 2 expected in C:\Users\User\Local Sites\motaphoto\app\public\wp-includes\category-template.php:1288
Stack trace:
#0 C:\Users\User\Local Sites\motaphoto\app\public\wp-content\themes\motaphoto\single-photo.php(17): get_the_terms()
#1 C:\Users\User\Local Sites\motaphoto\app\public\wp-includes\template-loader.php(106): include('C:\\Users\\User\\L...')
#2 C:\Users\User\Local Sites\motaphoto\app\public\wp-blog-header.php(19): require_once('C:\\Users\\User\\L...')
#3 C:\Users\User\Local Sites\motaphoto\app\public\index.php(17): require('C:\\Users\\User\\L...')
#4 {main}
  thrown in C:\Users\User\Local Sites\motaphoto\app\public\wp-includes\category-template.php on line 1288
[30-Apr-2024 09:27:50 UTC] PHP Fatal error:  Uncaught ArgumentCountError: Too few arguments to function get_the_terms(), 1 passed in C:\Users\User\Local Sites\motaphoto\app\public\wp-content\themes\motaphoto\single-photo.php on line 17 and exactly 2 expected in C:\Users\User\Local Sites\motaphoto\app\public\wp-includes\category-template.php:1288
Stack trace:
#0 C:\Users\User\Local Sites\motaphoto\app\public\wp-content\themes\motaphoto\single-photo.php(17): get_the_terms(135)
#1 C:\Users\User\Local Sites\motaphoto\app\public\wp-includes\template-loader.php(106): include('C:\\Users\\User\\L...')
#2 C:\Users\User\Local Sites\motaphoto\app\public\wp-blog-header.php(19): require_once('C:\\Users\\User\\L...')
#3 C:\Users\User\Local Sites\motaphoto\app\public\index.php(17): require('C:\\Users\\User\\L...')
#4 {main}
  thrown in C:\Users\User\Local Sites\motaphoto\app\public\wp-includes\category-template.php on line 1288
[30-Apr-2024 09:30:50 UTC] PHP Parse error:  syntax error, unexpected token ";", expecting ")" in C:\Users\User\Local Sites\motaphoto\app\public\wp-content\themes\motaphoto\single-photo.php on line 17
[30-Apr-2024 09:32:10 UTC] PHP Warning:  Undefined variable $get_the_terms in C:\Users\User\Local Sites\motaphoto\app\public\wp-content\themes\motaphoto\single-photo.php on line 17
[30-Apr-2024 09:32:10 UTC] PHP Fatal error:  Uncaught Error: Value of type null is not callable in C:\Users\User\Local Sites\motaphoto\app\public\wp-content\themes\motaphoto\single-photo.php:17
Stack trace:
#0 C:\Users\User\Local Sites\motaphoto\app\public\wp-includes\template-loader.php(106): include()
#1 C:\Users\User\Local Sites\motaphoto\app\public\wp-blog-header.php(19): require_once('C:\\Users\\User\\L...')
#2 C:\Users\User\Local Sites\motaphoto\app\public\index.php(17): require('C:\\Users\\User\\L...')
#3 {main}
  thrown in C:\Users\User\Local Sites\motaphoto\app\public\wp-content\themes\motaphoto\single-photo.php on line 17
[30-Apr-2024 09:33:54 UTC] PHP Warning:  Undefined variable $terms in C:\Users\User\Local Sites\motaphoto\app\public\wp-content\themes\motaphoto\single-photo.php on line 17
[30-Apr-2024 09:35:08 UTC] PHP Warning:  Undefined variable $terms in C:\Users\User\Local Sites\motaphoto\app\public\wp-content\themes\motaphoto\single-photo.php on line 12
[30-Apr-2024 09:35:14 UTC] PHP Warning:  Undefined variable $terms in C:\Users\User\Local Sites\motaphoto\app\public\wp-content\themes\motaphoto\single-photo.php on line 12
[30-Apr-2024 09:35:19 UTC] PHP Warning:  Undefined variable $terms in C:\Users\User\Local Sites\motaphoto\app\public\wp-content\themes\motaphoto\single-photo.php on line 12
[30-Apr-2024 09:36:20 UTC] PHP Warning:  Attempt to read property "name" on null in C:\Users\User\Local Sites\motaphoto\app\public\wp-content\themes\motaphoto\single-photo.php on line 12
[30-Apr-2024 09:42:28 UTC] PHP Warning:  Attempt to read property "name" on null in C:\Users\User\Local Sites\motaphoto\app\public\wp-content\themes\motaphoto\single-photo.php on line 16
[30-Apr-2024 09:42:28 UTC] PHP Warning:  Attempt to read property "name" on null in C:\Users\User\Local Sites\motaphoto\app\public\wp-content\themes\motaphoto\single-photo.php on line 17
[30-Apr-2024 09:42:36 UTC] PHP Warning:  Attempt to read property "name" on null in C:\Users\User\Local Sites\motaphoto\app\public\wp-content\themes\motaphoto\single-photo.php on line 16
[30-Apr-2024 09:42:36 UTC] PHP Warning:  Attempt to read property "name" on null in C:\Users\User\Local Sites\motaphoto\app\public\wp-content\themes\motaphoto\single-photo.php on line 17
[30-Apr-2024 09:43:31 UTC] PHP Warning:  Attempt to read property "name" on null in C:\Users\User\Local Sites\motaphoto\app\public\wp-content\themes\motaphoto\single-photo.php on line 16
[30-Apr-2024 09:43:31 UTC] PHP Warning:  Attempt to read property "name" on null in C:\Users\User\Local Sites\motaphoto\app\public\wp-content\themes\motaphoto\single-photo.php on line 17
[30-Apr-2024 09:45:05 UTC] PHP Parse error:  Unmatched ')' in C:\Users\User\Local Sites\motaphoto\app\public\wp-content\themes\motaphoto\single-photo.php on line 55
[30-Apr-2024 09:45:11 UTC] PHP Warning:  Attempt to read property "name" on null in C:\Users\User\Local Sites\motaphoto\app\public\wp-content\themes\motaphoto\single-photo.php on line 16
[30-Apr-2024 09:45:11 UTC] PHP Warning:  Attempt to read property "name" on null in C:\Users\User\Local Sites\motaphoto\app\public\wp-content\themes\motaphoto\single-photo.php on line 17
[30-Apr-2024 09:45:24 UTC] PHP Warning:  Attempt to read property "name" on null in C:\Users\User\Local Sites\motaphoto\app\public\wp-content\themes\motaphoto\single-photo.php on line 16
[30-Apr-2024 09:45:24 UTC] PHP Warning:  Attempt to read property "name" on null in C:\Users\User\Local Sites\motaphoto\app\public\wp-content\themes\motaphoto\single-photo.php on line 17
[30-Apr-2024 14:01:45 UTC] PHP Warning:  Attempt to read property "name" on null in C:\Users\User\Local Sites\motaphoto\app\public\wp-content\themes\motaphoto\single-photo.php on line 16
[30-Apr-2024 14:01:45 UTC] PHP Warning:  Attempt to read property "name" on null in C:\Users\User\Local Sites\motaphoto\app\public\wp-content\themes\motaphoto\single-photo.php on line 17
[30-Apr-2024 14:03:28 UTC] PHP Warning:  Attempt to read property "name" on null in C:\Users\User\Local Sites\motaphoto\app\public\wp-content\themes\motaphoto\single-photo.php on line 16
[30-Apr-2024 14:03:28 UTC] PHP Warning:  Attempt to read property "name" on null in C:\Users\User\Local Sites\motaphoto\app\public\wp-content\themes\motaphoto\single-photo.php on line 17
[30-Apr-2024 14:04:10 UTC] PHP Warning:  Attempt to read property "name" on null in C:\Users\User\Local Sites\motaphoto\app\public\wp-content\themes\motaphoto\single-photo.php on line 16
[30-Apr-2024 14:04:10 UTC] PHP Warning:  Attempt to read property "name" on null in C:\Users\User\Local Sites\motaphoto\app\public\wp-content\themes\motaphoto\single-photo.php on line 17
[30-Apr-2024 14:04:21 UTC] PHP Warning:  Attempt to read property "name" on null in C:\Users\User\Local Sites\motaphoto\app\public\wp-content\themes\motaphoto\single-photo.php on line 16
[30-Apr-2024 14:04:21 UTC] PHP Warning:  Attempt to read property "ID" on string in C:\Users\User\Local Sites\motaphoto\app\public\wp-content\themes\motaphoto\single-photo.php on line 59
[30-Apr-2024 14:06:40 UTC] PHP Warning:  Attempt to read property "name" on null in C:\Users\User\Local Sites\motaphoto\app\public\wp-content\themes\motaphoto\single-photo.php on line 16
[30-Apr-2024 14:06:40 UTC] PHP Warning:  Attempt to read property "name" on null in C:\Users\User\Local Sites\motaphoto\app\public\wp-content\themes\motaphoto\single-photo.php on line 17
[30-Apr-2024 14:12:09 UTC] PHP Warning:  Attempt to read property "name" on null in C:\Users\User\Local Sites\motaphoto\app\public\wp-content\themes\motaphoto\single-photo.php on line 16
[30-Apr-2024 14:12:09 UTC] PHP Warning:  Attempt to read property "name" on null in C:\Users\User\Local Sites\motaphoto\app\public\wp-content\themes\motaphoto\single-photo.php on line 17
[30-Apr-2024 14:19:05 UTC] PHP Warning:  Attempt to read property "name" on null in C:\Users\User\Local Sites\motaphoto\app\public\wp-content\themes\motaphoto\single-photo.php on line 16
[30-Apr-2024 14:19:05 UTC] PHP Warning:  Attempt to read property "name" on null in C:\Users\User\Local Sites\motaphoto\app\public\wp-content\themes\motaphoto\single-photo.php on line 17
[30-Apr-2024 14:19:22 UTC] PHP Warning:  Attempt to read property "name" on null in C:\Users\User\Local Sites\motaphoto\app\public\wp-content\themes\motaphoto\single-photo.php on line 16
[30-Apr-2024 14:19:22 UTC] PHP Warning:  Attempt to read property "name" on null in C:\Users\User\Local Sites\motaphoto\app\public\wp-content\themes\motaphoto\single-photo.php on line 17
[30-Apr-2024 14:35:03 UTC] PHP Warning:  Attempt to read property "ID" on string in C:\Users\User\Local Sites\motaphoto\app\public\wp-content\themes\motaphoto\single-photo.php on line 59
[30-Apr-2024 14:37:49 UTC] PHP Warning:  Attempt to read property "ID" on string in C:\Users\User\Local Sites\motaphoto\app\public\wp-content\themes\motaphoto\single-photo.php on line 59
[30-Apr-2024 14:49:26 UTC] PHP Warning:  Attempt to read property "name" on null in C:\Users\User\Local Sites\motaphoto\app\public\wp-content\themes\motaphoto\single-photo.php on line 16
[30-Apr-2024 14:49:26 UTC] PHP Warning:  Attempt to read property "name" on null in C:\Users\User\Local Sites\motaphoto\app\public\wp-content\themes\motaphoto\single-photo.php on line 17
[30-Apr-2024 14:51:57 UTC] PHP Warning:  Attempt to read property "ID" on string in C:\Users\User\Local Sites\motaphoto\app\public\wp-content\themes\motaphoto\single-photo.php on line 59
[30-Apr-2024 16:36:55 UTC] PHP Warning:  Attempt to read property "ID" on string in C:\Users\User\Local Sites\motaphoto\app\public\wp-content\themes\motaphoto\single-photo.php on line 59
[30-Apr-2024 16:37:41 UTC] PHP Warning:  Attempt to read property "ID" on string in C:\Users\User\Local Sites\motaphoto\app\public\wp-content\themes\motaphoto\single-photo.php on line 59
[30-Apr-2024 17:07:26 UTC] PHP Warning:  Attempt to read property "ID" on string in C:\Users\User\Local Sites\motaphoto\app\public\wp-content\themes\motaphoto\single-photo.php on line 59
[30-Apr-2024 17:33:42 UTC] PHP Warning:  Attempt to read property "ID" on string in C:\Users\User\Local Sites\motaphoto\app\public\wp-content\themes\motaphoto\single-photo.php on line 59
[30-Apr-2024 17:41:35 UTC] PHP Warning:  Attempt to read property "ID" on string in C:\Users\User\Local Sites\motaphoto\app\public\wp-content\themes\motaphoto\single-photo.php on line 59
[30-Apr-2024 17:41:57 UTC] PHP Warning:  Attempt to read property "ID" on string in C:\Users\User\Local Sites\motaphoto\app\public\wp-content\themes\motaphoto\single-photo.php on line 59
[30-Apr-2024 17:51:03 UTC] PHP Warning:  Attempt to read property "ID" on string in C:\Users\User\Local Sites\motaphoto\app\public\wp-content\themes\motaphoto\single-photo.php on line 59
[30-Apr-2024 17:57:41 UTC] PHP Warning:  Attempt to read property "ID" on string in C:\Users\User\Local Sites\motaphoto\app\public\wp-content\themes\motaphoto\single-photo.php on line 59
[30-Apr-2024 17:58:01 UTC] PHP Warning:  Attempt to read property "ID" on string in C:\Users\User\Local Sites\motaphoto\app\public\wp-content\themes\motaphoto\single-photo.php on line 59
[30-Apr-2024 17:58:17 UTC] PHP Warning:  Attempt to read property "ID" on string in C:\Users\User\Local Sites\motaphoto\app\public\wp-content\themes\motaphoto\single-photo.php on line 59
[30-Apr-2024 17:58:27 UTC] PHP Warning:  Attempt to read property "ID" on string in C:\Users\User\Local Sites\motaphoto\app\public\wp-content\themes\motaphoto\single-photo.php on line 59
[30-Apr-2024 18:00:35 UTC] PHP Warning:  Attempt to read property "ID" on string in C:\Users\User\Local Sites\motaphoto\app\public\wp-content\themes\motaphoto\single-photo.php on line 59
[30-Apr-2024 18:08:32 UTC] PHP Warning:  Attempt to read property "term_id" on array in C:\Users\User\Local Sites\motaphoto\app\public\wp-content\themes\motaphoto\front-page.php on line 44
[30-Apr-2024 18:08:32 UTC] PHP Warning:  Attempt to read property "name" on array in C:\Users\User\Local Sites\motaphoto\app\public\wp-content\themes\motaphoto\front-page.php on line 44
[30-Apr-2024 18:08:32 UTC] PHP Warning:  Attempt to read property "term_id" on array in C:\Users\User\Local Sites\motaphoto\app\public\wp-content\themes\motaphoto\front-page.php on line 44
[30-Apr-2024 18:08:32 UTC] PHP Warning:  Attempt to read property "name" on array in C:\Users\User\Local Sites\motaphoto\app\public\wp-content\themes\motaphoto\front-page.php on line 44
[30-Apr-2024 18:08:33 UTC] PHP Warning:  Attempt to read property "term_id" on array in C:\Users\User\Local Sites\motaphoto\app\public\wp-content\themes\motaphoto\front-page.php on line 44
[30-Apr-2024 18:08:33 UTC] PHP Warning:  Attempt to read property "name" on array in C:\Users\User\Local Sites\motaphoto\app\public\wp-content\themes\motaphoto\front-page.php on line 44
[30-Apr-2024 18:08:33 UTC] PHP Warning:  Attempt to read property "term_id" on array in C:\Users\User\Local Sites\motaphoto\app\public\wp-content\themes\motaphoto\front-page.php on line 44
[30-Apr-2024 18:08:33 UTC] PHP Warning:  Attempt to read property "name" on array in C:\Users\User\Local Sites\motaphoto\app\public\wp-content\themes\motaphoto\front-page.php on line 44
[30-Apr-2024 18:20:04 UTC] PHP Warning:  Attempt to read property "term_id" on array in C:\Users\User\Local Sites\motaphoto\app\public\wp-content\themes\motaphoto\front-page.php on line 44
[30-Apr-2024 18:20:04 UTC] PHP Warning:  Attempt to read property "name" on array in C:\Users\User\Local Sites\motaphoto\app\public\wp-content\themes\motaphoto\front-page.php on line 44
[30-Apr-2024 18:20:04 UTC] PHP Warning:  Attempt to read property "term_id" on array in C:\Users\User\Local Sites\motaphoto\app\public\wp-content\themes\motaphoto\front-page.php on line 44
[30-Apr-2024 18:20:04 UTC] PHP Warning:  Attempt to read property "name" on array in C:\Users\User\Local Sites\motaphoto\app\public\wp-content\themes\motaphoto\front-page.php on line 44
[30-Apr-2024 18:20:54 UTC] PHP Warning:  Attempt to read property "term_id" on array in C:\Users\User\Local Sites\motaphoto\app\public\wp-content\themes\motaphoto\front-page.php on line 44
[30-Apr-2024 18:20:54 UTC] PHP Warning:  Attempt to read property "name" on array in C:\Users\User\Local Sites\motaphoto\app\public\wp-content\themes\motaphoto\front-page.php on line 44
[30-Apr-2024 18:20:54 UTC] PHP Warning:  Attempt to read property "term_id" on array in C:\Users\User\Local Sites\motaphoto\app\public\wp-content\themes\motaphoto\front-page.php on line 44
[30-Apr-2024 18:20:54 UTC] PHP Warning:  Attempt to read property "name" on array in C:\Users\User\Local Sites\motaphoto\app\public\wp-content\themes\motaphoto\front-page.php on line 44
[30-Apr-2024 18:21:33 UTC] PHP Warning:  Attempt to read property "term_id" on array in C:\Users\User\Local Sites\motaphoto\app\public\wp-content\themes\motaphoto\front-page.php on line 44
[30-Apr-2024 18:21:33 UTC] PHP Warning:  Attempt to read property "name" on array in C:\Users\User\Local Sites\motaphoto\app\public\wp-content\themes\motaphoto\front-page.php on line 44
[30-Apr-2024 18:21:33 UTC] PHP Warning:  Attempt to read property "term_id" on array in C:\Users\User\Local Sites\motaphoto\app\public\wp-content\themes\motaphoto\front-page.php on line 44
[30-Apr-2024 18:21:33 UTC] PHP Warning:  Attempt to read property "name" on array in C:\Users\User\Local Sites\motaphoto\app\public\wp-content\themes\motaphoto\front-page.php on line 44
[30-Apr-2024 18:22:28 UTC] PHP Warning:  Attempt to read property "term_id" on array in C:\Users\User\Local Sites\motaphoto\app\public\wp-content\themes\motaphoto\front-page.php on line 44
[30-Apr-2024 18:22:28 UTC] PHP Warning:  Attempt to read property "name" on array in C:\Users\User\Local Sites\motaphoto\app\public\wp-content\themes\motaphoto\front-page.php on line 44
[30-Apr-2024 18:22:28 UTC] PHP Warning:  Attempt to read property "term_id" on array in C:\Users\User\Local Sites\motaphoto\app\public\wp-content\themes\motaphoto\front-page.php on line 44
[30-Apr-2024 18:22:28 UTC] PHP Warning:  Attempt to read property "name" on array in C:\Users\User\Local Sites\motaphoto\app\public\wp-content\themes\motaphoto\front-page.php on line 44
[30-Apr-2024 18:25:59 UTC] PHP Warning:  Attempt to read property "term_id" on array in C:\Users\User\Local Sites\motaphoto\app\public\wp-content\themes\motaphoto\front-page.php on line 44
[30-Apr-2024 18:25:59 UTC] PHP Warning:  Attempt to read property "name" on array in C:\Users\User\Local Sites\motaphoto\app\public\wp-content\themes\motaphoto\front-page.php on line 44
[30-Apr-2024 18:25:59 UTC] PHP Warning:  Attempt to read property "term_id" on array in C:\Users\User\Local Sites\motaphoto\app\public\wp-content\themes\motaphoto\front-page.php on line 44
[30-Apr-2024 18:25:59 UTC] PHP Warning:  Attempt to read property "name" on array in C:\Users\User\Local Sites\motaphoto\app\public\wp-content\themes\motaphoto\front-page.php on line 44
[30-Apr-2024 18:28:17 UTC] PHP Warning:  Attempt to read property "term_id" on array in C:\Users\User\Local Sites\motaphoto\app\public\wp-content\themes\motaphoto\front-page.php on line 44
[30-Apr-2024 18:28:17 UTC] PHP Warning:  Attempt to read property "name" on array in C:\Users\User\Local Sites\motaphoto\app\public\wp-content\themes\motaphoto\front-page.php on line 44
[30-Apr-2024 18:28:17 UTC] PHP Warning:  Attempt to read property "term_id" on array in C:\Users\User\Local Sites\motaphoto\app\public\wp-content\themes\motaphoto\front-page.php on line 44
[30-Apr-2024 18:28:17 UTC] PHP Warning:  Attempt to read property "name" on array in C:\Users\User\Local Sites\motaphoto\app\public\wp-content\themes\motaphoto\front-page.php on line 44
[30-Apr-2024 18:28:35 UTC] PHP Warning:  Attempt to read property "term_id" on array in C:\Users\User\Local Sites\motaphoto\app\public\wp-content\themes\motaphoto\front-page.php on line 44
[30-Apr-2024 18:28:35 UTC] PHP Warning:  Attempt to read property "name" on array in C:\Users\User\Local Sites\motaphoto\app\public\wp-content\themes\motaphoto\front-page.php on line 44
[30-Apr-2024 18:28:35 UTC] PHP Warning:  Attempt to read property "term_id" on array in C:\Users\User\Local Sites\motaphoto\app\public\wp-content\themes\motaphoto\front-page.php on line 44
[30-Apr-2024 18:28:35 UTC] PHP Warning:  Attempt to read property "name" on array in C:\Users\User\Local Sites\motaphoto\app\public\wp-content\themes\motaphoto\front-page.php on line 44
[30-Apr-2024 18:28:50 UTC] PHP Warning:  Attempt to read property "term_id" on array in C:\Users\User\Local Sites\motaphoto\app\public\wp-content\themes\motaphoto\front-page.php on line 44
[30-Apr-2024 18:28:50 UTC] PHP Warning:  Attempt to read property "name" on array in C:\Users\User\Local Sites\motaphoto\app\public\wp-content\themes\motaphoto\front-page.php on line 44
[30-Apr-2024 18:28:50 UTC] PHP Warning:  Attempt to read property "term_id" on array in C:\Users\User\Local Sites\motaphoto\app\public\wp-content\themes\motaphoto\front-page.php on line 44
[30-Apr-2024 18:28:50 UTC] PHP Warning:  Attempt to read property "name" on array in C:\Users\User\Local Sites\motaphoto\app\public\wp-content\themes\motaphoto\front-page.php on line 44
[30-Apr-2024 18:29:53 UTC] PHP Warning:  Attempt to read property "term_id" on array in C:\Users\User\Local Sites\motaphoto\app\public\wp-content\themes\motaphoto\front-page.php on line 44
[30-Apr-2024 18:29:53 UTC] PHP Warning:  Attempt to read property "name" on array in C:\Users\User\Local Sites\motaphoto\app\public\wp-content\themes\motaphoto\front-page.php on line 44
[30-Apr-2024 18:29:53 UTC] PHP Warning:  Attempt to read property "term_id" on array in C:\Users\User\Local Sites\motaphoto\app\public\wp-content\themes\motaphoto\front-page.php on line 44
[30-Apr-2024 18:29:53 UTC] PHP Warning:  Attempt to read property "name" on array in C:\Users\User\Local Sites\motaphoto\app\public\wp-content\themes\motaphoto\front-page.php on line 44
[30-Apr-2024 18:30:08 UTC] PHP Warning:  Attempt to read property "term_id" on array in C:\Users\User\Local Sites\motaphoto\app\public\wp-content\themes\motaphoto\front-page.php on line 44
[30-Apr-2024 18:30:08 UTC] PHP Warning:  Attempt to read property "name" on array in C:\Users\User\Local Sites\motaphoto\app\public\wp-content\themes\motaphoto\front-page.php on line 44
[30-Apr-2024 18:30:08 UTC] PHP Warning:  Attempt to read property "term_id" on array in C:\Users\User\Local Sites\motaphoto\app\public\wp-content\themes\motaphoto\front-page.php on line 44
[30-Apr-2024 18:30:08 UTC] PHP Warning:  Attempt to read property "name" on array in C:\Users\User\Local Sites\motaphoto\app\public\wp-content\themes\motaphoto\front-page.php on line 44
[30-Apr-2024 19:33:18 UTC] PHP Warning:  Attempt to read property "term_id" on array in C:\Users\User\Local Sites\motaphoto\app\public\wp-content\themes\motaphoto\front-page.php on line 44
[30-Apr-2024 19:33:18 UTC] PHP Warning:  Attempt to read property "name" on array in C:\Users\User\Local Sites\motaphoto\app\public\wp-content\themes\motaphoto\front-page.php on line 44
[30-Apr-2024 19:33:18 UTC] PHP Warning:  Attempt to read property "term_id" on array in C:\Users\User\Local Sites\motaphoto\app\public\wp-content\themes\motaphoto\front-page.php on line 44
[30-Apr-2024 19:33:18 UTC] PHP Warning:  Attempt to read property "name" on array in C:\Users\User\Local Sites\motaphoto\app\public\wp-content\themes\motaphoto\front-page.php on line 44
[30-Apr-2024 19:33:57 UTC] PHP Warning:  Attempt to read property "term_id" on array in C:\Users\User\Local Sites\motaphoto\app\public\wp-content\themes\motaphoto\front-page.php on line 44
[30-Apr-2024 19:33:57 UTC] PHP Warning:  Attempt to read property "name" on array in C:\Users\User\Local Sites\motaphoto\app\public\wp-content\themes\motaphoto\front-page.php on line 44
[30-Apr-2024 19:33:57 UTC] PHP Warning:  Attempt to read property "term_id" on array in C:\Users\User\Local Sites\motaphoto\app\public\wp-content\themes\motaphoto\front-page.php on line 44
[30-Apr-2024 19:33:57 UTC] PHP Warning:  Attempt to read property "name" on array in C:\Users\User\Local Sites\motaphoto\app\public\wp-content\themes\motaphoto\front-page.php on line 44
[30-Apr-2024 19:43:16 UTC] PHP Warning:  Attempt to read property "term_id" on array in C:\Users\User\Local Sites\motaphoto\app\public\wp-content\themes\motaphoto\front-page.php on line 44
[30-Apr-2024 19:43:16 UTC] PHP Warning:  Attempt to read property "name" on array in C:\Users\User\Local Sites\motaphoto\app\public\wp-content\themes\motaphoto\front-page.php on line 44
[30-Apr-2024 19:43:16 UTC] PHP Warning:  Attempt to read property "term_id" on array in C:\Users\User\Local Sites\motaphoto\app\public\wp-content\themes\motaphoto\front-page.php on line 44
[30-Apr-2024 19:43:16 UTC] PHP Warning:  Attempt to read property "name" on array in C:\Users\User\Local Sites\motaphoto\app\public\wp-content\themes\motaphoto\front-page.php on line 44
[30-Apr-2024 19:43:57 UTC] PHP Warning:  Attempt to read property "term_id" on array in C:\Users\User\Local Sites\motaphoto\app\public\wp-content\themes\motaphoto\front-page.php on line 44
[30-Apr-2024 19:43:57 UTC] PHP Warning:  Attempt to read property "name" on array in C:\Users\User\Local Sites\motaphoto\app\public\wp-content\themes\motaphoto\front-page.php on line 44
[30-Apr-2024 19:43:57 UTC] PHP Warning:  Attempt to read property "term_id" on array in C:\Users\User\Local Sites\motaphoto\app\public\wp-content\themes\motaphoto\front-page.php on line 44
[30-Apr-2024 19:43:57 UTC] PHP Warning:  Attempt to read property "name" on array in C:\Users\User\Local Sites\motaphoto\app\public\wp-content\themes\motaphoto\front-page.php on line 44
[30-Apr-2024 19:44:29 UTC] PHP Warning:  Attempt to read property "term_id" on array in C:\Users\User\Local Sites\motaphoto\app\public\wp-content\themes\motaphoto\front-page.php on line 44
[30-Apr-2024 19:44:29 UTC] PHP Warning:  Attempt to read property "name" on array in C:\Users\User\Local Sites\motaphoto\app\public\wp-content\themes\motaphoto\front-page.php on line 44
[30-Apr-2024 19:44:29 UTC] PHP Warning:  Attempt to read property "term_id" on array in C:\Users\User\Local Sites\motaphoto\app\public\wp-content\themes\motaphoto\front-page.php on line 44
[30-Apr-2024 19:44:29 UTC] PHP Warning:  Attempt to read property "name" on array in C:\Users\User\Local Sites\motaphoto\app\public\wp-content\themes\motaphoto\front-page.php on line 44
[30-Apr-2024 19:44:56 UTC] PHP Warning:  Attempt to read property "term_id" on array in C:\Users\User\Local Sites\motaphoto\app\public\wp-content\themes\motaphoto\front-page.php on line 44
[30-Apr-2024 19:44:56 UTC] PHP Warning:  Attempt to read property "name" on array in C:\Users\User\Local Sites\motaphoto\app\public\wp-content\themes\motaphoto\front-page.php on line 44
[30-Apr-2024 19:44:56 UTC] PHP Warning:  Attempt to read property "term_id" on array in C:\Users\User\Local Sites\motaphoto\app\public\wp-content\themes\motaphoto\front-page.php on line 44
[30-Apr-2024 19:44:56 UTC] PHP Warning:  Attempt to read property "name" on array in C:\Users\User\Local Sites\motaphoto\app\public\wp-content\themes\motaphoto\front-page.php on line 44
[30-Apr-2024 19:46:07 UTC] PHP Warning:  Attempt to read property "term_id" on array in C:\Users\User\Local Sites\motaphoto\app\public\wp-content\themes\motaphoto\front-page.php on line 44
[30-Apr-2024 19:46:07 UTC] PHP Warning:  Attempt to read property "name" on array in C:\Users\User\Local Sites\motaphoto\app\public\wp-content\themes\motaphoto\front-page.php on line 44
[30-Apr-2024 19:46:07 UTC] PHP Warning:  Attempt to read property "term_id" on array in C:\Users\User\Local Sites\motaphoto\app\public\wp-content\themes\motaphoto\front-page.php on line 44
[30-Apr-2024 19:46:07 UTC] PHP Warning:  Attempt to read property "name" on array in C:\Users\User\Local Sites\motaphoto\app\public\wp-content\themes\motaphoto\front-page.php on line 44
[30-Apr-2024 19:46:47 UTC] PHP Warning:  Attempt to read property "term_id" on array in C:\Users\User\Local Sites\motaphoto\app\public\wp-content\themes\motaphoto\front-page.php on line 44
[30-Apr-2024 19:46:47 UTC] PHP Warning:  Attempt to read property "name" on array in C:\Users\User\Local Sites\motaphoto\app\public\wp-content\themes\motaphoto\front-page.php on line 44
[30-Apr-2024 19:46:47 UTC] PHP Warning:  Attempt to read property "term_id" on array in C:\Users\User\Local Sites\motaphoto\app\public\wp-content\themes\motaphoto\front-page.php on line 44
[30-Apr-2024 19:46:47 UTC] PHP Warning:  Attempt to read property "name" on array in C:\Users\User\Local Sites\motaphoto\app\public\wp-content\themes\motaphoto\front-page.php on line 44
[30-Apr-2024 19:48:03 UTC] PHP Warning:  Attempt to read property "term_id" on array in C:\Users\User\Local Sites\motaphoto\app\public\wp-content\themes\motaphoto\front-page.php on line 44
[30-Apr-2024 19:48:03 UTC] PHP Warning:  Attempt to read property "name" on array in C:\Users\User\Local Sites\motaphoto\app\public\wp-content\themes\motaphoto\front-page.php on line 44
[30-Apr-2024 19:48:03 UTC] PHP Warning:  Attempt to read property "term_id" on array in C:\Users\User\Local Sites\motaphoto\app\public\wp-content\themes\motaphoto\front-page.php on line 44
[30-Apr-2024 19:48:03 UTC] PHP Warning:  Attempt to read property "name" on array in C:\Users\User\Local Sites\motaphoto\app\public\wp-content\themes\motaphoto\front-page.php on line 44
[30-Apr-2024 19:48:45 UTC] PHP Warning:  Attempt to read property "term_id" on array in C:\Users\User\Local Sites\motaphoto\app\public\wp-content\themes\motaphoto\front-page.php on line 44
[30-Apr-2024 19:48:45 UTC] PHP Warning:  Attempt to read property "name" on array in C:\Users\User\Local Sites\motaphoto\app\public\wp-content\themes\motaphoto\front-page.php on line 44
[30-Apr-2024 19:48:45 UTC] PHP Warning:  Attempt to read property "term_id" on array in C:\Users\User\Local Sites\motaphoto\app\public\wp-content\themes\motaphoto\front-page.php on line 44
[30-Apr-2024 19:48:45 UTC] PHP Warning:  Attempt to read property "name" on array in C:\Users\User\Local Sites\motaphoto\app\public\wp-content\themes\motaphoto\front-page.php on line 44
[30-Apr-2024 19:50:28 UTC] PHP Warning:  Attempt to read property "term_id" on array in C:\Users\User\Local Sites\motaphoto\app\public\wp-content\themes\motaphoto\front-page.php on line 44
[30-Apr-2024 19:50:28 UTC] PHP Warning:  Attempt to read property "name" on array in C:\Users\User\Local Sites\motaphoto\app\public\wp-content\themes\motaphoto\front-page.php on line 44
[30-Apr-2024 19:50:28 UTC] PHP Warning:  Attempt to read property "term_id" on array in C:\Users\User\Local Sites\motaphoto\app\public\wp-content\themes\motaphoto\front-page.php on line 44
[30-Apr-2024 19:50:28 UTC] PHP Warning:  Attempt to read property "name" on array in C:\Users\User\Local Sites\motaphoto\app\public\wp-content\themes\motaphoto\front-page.php on line 44
[30-Apr-2024 19:52:18 UTC] PHP Warning:  Attempt to read property "term_id" on array in C:\Users\User\Local Sites\motaphoto\app\public\wp-content\themes\motaphoto\front-page.php on line 44
[30-Apr-2024 19:52:18 UTC] PHP Warning:  Attempt to read property "name" on array in C:\Users\User\Local Sites\motaphoto\app\public\wp-content\themes\motaphoto\front-page.php on line 44
[30-Apr-2024 19:52:18 UTC] PHP Warning:  Attempt to read property "term_id" on array in C:\Users\User\Local Sites\motaphoto\app\public\wp-content\themes\motaphoto\front-page.php on line 44
[30-Apr-2024 19:52:18 UTC] PHP Warning:  Attempt to read property "name" on array in C:\Users\User\Local Sites\motaphoto\app\public\wp-content\themes\motaphoto\front-page.php on line 44
[30-Apr-2024 19:53:34 UTC] PHP Warning:  Attempt to read property "term_id" on array in C:\Users\User\Local Sites\motaphoto\app\public\wp-content\themes\motaphoto\front-page.php on line 44
[30-Apr-2024 19:53:34 UTC] PHP Warning:  Attempt to read property "name" on array in C:\Users\User\Local Sites\motaphoto\app\public\wp-content\themes\motaphoto\front-page.php on line 44
[30-Apr-2024 19:53:34 UTC] PHP Warning:  Attempt to read property "term_id" on array in C:\Users\User\Local Sites\motaphoto\app\public\wp-content\themes\motaphoto\front-page.php on line 44
[30-Apr-2024 19:53:34 UTC] PHP Warning:  Attempt to read property "name" on array in C:\Users\User\Local Sites\motaphoto\app\public\wp-content\themes\motaphoto\front-page.php on line 44
[30-Apr-2024 19:55:30 UTC] PHP Warning:  Attempt to read property "term_id" on array in C:\Users\User\Local Sites\motaphoto\app\public\wp-content\themes\motaphoto\front-page.php on line 44
[30-Apr-2024 19:55:30 UTC] PHP Warning:  Attempt to read property "name" on array in C:\Users\User\Local Sites\motaphoto\app\public\wp-content\themes\motaphoto\front-page.php on line 44
[30-Apr-2024 19:55:30 UTC] PHP Warning:  Attempt to read property "term_id" on array in C:\Users\User\Local Sites\motaphoto\app\public\wp-content\themes\motaphoto\front-page.php on line 44
[30-Apr-2024 19:55:30 UTC] PHP Warning:  Attempt to read property "name" on array in C:\Users\User\Local Sites\motaphoto\app\public\wp-content\themes\motaphoto\front-page.php on line 44
[30-Apr-2024 19:57:49 UTC] PHP Warning:  Attempt to read property "term_id" on array in C:\Users\User\Local Sites\motaphoto\app\public\wp-content\themes\motaphoto\front-page.php on line 44
[30-Apr-2024 19:57:49 UTC] PHP Warning:  Attempt to read property "name" on array in C:\Users\User\Local Sites\motaphoto\app\public\wp-content\themes\motaphoto\front-page.php on line 44
[30-Apr-2024 19:57:49 UTC] PHP Warning:  Attempt to read property "term_id" on array in C:\Users\User\Local Sites\motaphoto\app\public\wp-content\themes\motaphoto\front-page.php on line 44
[30-Apr-2024 19:57:49 UTC] PHP Warning:  Attempt to read property "name" on array in C:\Users\User\Local Sites\motaphoto\app\public\wp-content\themes\motaphoto\front-page.php on line 44
[30-Apr-2024 19:58:36 UTC] PHP Warning:  Attempt to read property "term_id" on array in C:\Users\User\Local Sites\motaphoto\app\public\wp-content\themes\motaphoto\front-page.php on line 44
[30-Apr-2024 19:58:36 UTC] PHP Warning:  Attempt to read property "name" on array in C:\Users\User\Local Sites\motaphoto\app\public\wp-content\themes\motaphoto\front-page.php on line 44
[30-Apr-2024 19:58:36 UTC] PHP Warning:  Attempt to read property "term_id" on array in C:\Users\User\Local Sites\motaphoto\app\public\wp-content\themes\motaphoto\front-page.php on line 44
[30-Apr-2024 19:58:36 UTC] PHP Warning:  Attempt to read property "name" on array in C:\Users\User\Local Sites\motaphoto\app\public\wp-content\themes\motaphoto\front-page.php on line 44
[30-Apr-2024 20:01:21 UTC] PHP Warning:  Attempt to read property "term_id" on array in C:\Users\User\Local Sites\motaphoto\app\public\wp-content\themes\motaphoto\front-page.php on line 44
[30-Apr-2024 20:01:21 UTC] PHP Warning:  Attempt to read property "name" on array in C:\Users\User\Local Sites\motaphoto\app\public\wp-content\themes\motaphoto\front-page.php on line 44
[30-Apr-2024 20:01:21 UTC] PHP Warning:  Attempt to read property "term_id" on array in C:\Users\User\Local Sites\motaphoto\app\public\wp-content\themes\motaphoto\front-page.php on line 44
[30-Apr-2024 20:01:21 UTC] PHP Warning:  Attempt to read property "name" on array in C:\Users\User\Local Sites\motaphoto\app\public\wp-content\themes\motaphoto\front-page.php on line 44
